2025/07/30 03:27:38 Server running on :8080
2025/07/30 03:27:38 Syncing pending jobs from DB to Redis...
2025/07/30 03:27:38 Worker cycle started
2025/07/30 03:27:38 No jobs dequeued this round.
2025/07/30 03:27:38 No jobs found in Redis. Sleeping before next batch...
2025/07/30 03:27:38 Fetched 0 pending jobs from DB
2025/07/30 03:27:41 No jobs dequeued this round.
2025/07/30 03:27:41 No jobs found in Redis. Sleeping before next batch...
2025/07/30 03:27:44 No jobs dequeued this round.
2025/07/30 03:27:44 No jobs found in Redis. Sleeping before next batch...
2025/07/30 03:27:47 No jobs dequeued this round.
2025/07/30 03:27:47 No jobs found in Redis. Sleeping before next batch...
2025/07/30 03:27:50 No jobs dequeued this round.
2025/07/30 03:27:50 No jobs found in Redis. Sleeping before next batch...
2025/07/30 03:27:53 No jobs dequeued this round.
2025/07/30 03:27:53 No jobs found in Redis. Sleeping before next batch...
2025/07/30 03:27:56 No jobs dequeued this round.
2025/07/30 03:27:56 No jobs found in Redis. Sleeping before next batch...
2025/07/30 03:27:59 No jobs dequeued this round.
2025/07/30 03:27:59 No jobs found in Redis. Sleeping before next batch...
2025/07/30 03:28:02 No jobs dequeued this round.
2025/07/30 03:28:02 No jobs found in Redis. Sleeping before next batch...
2025/07/30 03:28:05 No jobs dequeued this round.
2025/07/30 03:28:05 No jobs found in Redis. Sleeping before next batch...
